<?xml version="1.0" encoding="UTF-8"?>
<coverage generated="1549415212423" clover="3.2.0">
  <project timestamp="1549415212423" name="All files">
    <metrics statements="10" coveredstatements="6" conditionals="3" coveredconditionals="3" methods="4" coveredmethods="1" elements="17" coveredelements="10" complexity="0" loc="10" ncloc="10" packages="3" files="4" classes="4"/>
    <package name="src">
      <metrics statements="3" coveredstatements="2" conditionals="0" coveredconditionals="0" methods="1" coveredmethods="0"/>
      <file name="App.js" path="/Users/timileyinfarayola/Documents/neon-ah-frontend/src/App.js">
        <metrics statements="3" coveredstatements="2" conditionals="0" coveredconditionals="0" methods="1" coveredmethods="0"/>
        <line num="8" count="1" type="stmt"/>
        <line num="14" count="1" type="stmt"/>
        <line num="15" count="0" type="stmt"/>
      </file>
    </package>
    <package name="src.Action">
      <metrics statements="2" coveredstatements="0" conditionals="0" coveredconditionals="0" methods="2" coveredmethods="0"/>
      <file name="testRedux.js" path="/Users/timileyinfarayola/Documents/neon-ah-frontend/src/Action/testRedux.js">
        <metrics statements="2" coveredstatements="0" conditionals="0" coveredconditionals="0" methods="2" coveredmethods="0"/>
        <line num="1" count="0" type="stmt"/>
        <line num="2" count="0" type="stmt"/>
      </file>
    </package>
    <package name="src.Reducer">
      <metrics statements="5" coveredstatements="4" conditionals="3" coveredconditionals="3" methods="1" coveredmethods="1"/>
      <file name="placeholder.js" path="/Users/timileyinfarayola/Documents/neon-ah-frontend/src/Reducer/placeholder.js">
        <metrics statements="4" coveredstatements="4" conditionals="3" coveredconditionals="3" methods="1" coveredmethods="1"/>
        <line num="1" count="1" type="cond" truecount="1" falsecount="0"/>
        <line num="2" count="2" type="cond" truecount="2" falsecount="0"/>
        <line num="4" count="1" type="stmt"/>
        <line num="6" count="1" type="stmt"/>
      </file>
      <file name="rootReducer.js" path="/Users/timileyinfarayola/Documents/neon-ah-frontend/src/Reducer/rootReducer.js">
        <metrics statements="1" coveredstatements="0" conditionals="0" coveredconditionals="0" methods="0" coveredmethods="0"/>
        <line num="4" count="0" type="stmt"/>
      </file>
    </package>
  </project>
</coverage>
