{"/Users/timileyinfarayola/Documents/neon-ah-frontend/src/App.js": {"path":"/Users/timileyinfarayola/Documents/neon-ah-frontend/src/App.js","statementMap":{"0":{"start":{"line":8,"column":11},"end":{"line":12,"column":1}},"1":{"start":{"line":14,"column":14},"end":{"line":23,"column":1}},"2":{"start":{"line":15,"column":4},"end":{"line":22,"column":11}}},"fnMap":{"0":{"name":"(anonymous_0)","decl":{"start":{"line":14,"column":14},"end":{"line":14,"column":15}},"loc":{"start":{"line":14,"column":20},"end":{"line":23,"column":1}},"line":14}},"branchMap":{},"s":{"0":1,"1":1,"2":0},"f":{"0":0},"b":{},"_coverageSchema":"43e27e138ebf9cfc5966b082cf9a028302ed4184","hash":"3d0af5e31143b8c6ed9b995d4fb5e095e787f3fa"}
,"/Users/timileyinfarayola/Documents/neon-ah-frontend/src/Action/testRedux.js": {"path":"/Users/timileyinfarayola/Documents/neon-ah-frontend/src/Action/testRedux.js","statementMap":{"0":{"start":{"line":1,"column":21},"end":{"line":6,"column":1}},"1":{"start":{"line":2,"column":4},"end":{"line":5,"column":7}}},"fnMap":{"0":{"name":"(anonymous_0)","decl":{"start":{"line":1,"column":15},"end":{"line":1,"column":16}},"loc":{"start":{"line":1,"column":21},"end":{"line":6,"column":1}},"line":1},"1":{"name":"(anonymous_1)","decl":{"start":{"line":1,"column":21},"end":{"line":1,"column":22}},"loc":{"start":{"line":1,"column":35},"end":{"line":6,"column":1}},"line":1}},"branchMap":{},"s":{"0":0,"1":0},"f":{"0":0,"1":0},"b":{},"_coverageSchema":"43e27e138ebf9cfc5966b082cf9a028302ed4184","hash":"0e8ed81f0e64364c01747a45440b7a23e74d818c"}
,"/Users/timileyinfarayola/Documents/neon-ah-frontend/src/Reducer/placeholder.js": {"path":"/Users/timileyinfarayola/Documents/neon-ah-frontend/src/Reducer/placeholder.js","statementMap":{"0":{"start":{"line":1,"column":27},"end":{"line":8,"column":1}},"1":{"start":{"line":2,"column":4},"end":{"line":7,"column":5}},"2":{"start":{"line":4,"column":12},"end":{"line":4,"column":48}},"3":{"start":{"line":6,"column":12},"end":{"line":6,"column":25}}},"fnMap":{"0":{"name":"(anonymous_0)","decl":{"start":{"line":1,"column":27},"end":{"line":1,"column":28}},"loc":{"start":{"line":1,"column":50},"end":{"line":8,"column":1}},"line":1}},"branchMap":{"0":{"loc":{"start":{"line":1,"column":28},"end":{"line":1,"column":38}},"type":"default-arg","locations":[{"start":{"line":1,"column":36},"end":{"line":1,"column":38}}],"line":1},"1":{"loc":{"start":{"line":2,"column":4},"end":{"line":7,"column":5}},"type":"switch","locations":[{"start":{"line":3,"column":8},"end":{"line":4,"column":48}},{"start":{"line":5,"column":8},"end":{"line":6,"column":25}}],"line":2}},"s":{"0":1,"1":2,"2":1,"3":1},"f":{"0":2},"b":{"0":[2],"1":[1,1]},"_coverageSchema":"43e27e138ebf9cfc5966b082cf9a028302ed4184","hash":"6ac895220971f3e4a9e269833cd9d09742b82e56"}
,"/Users/timileyinfarayola/Documents/neon-ah-frontend/src/Reducer/rootReducer.js": {"path":"/Users/timileyinfarayola/Documents/neon-ah-frontend/src/Reducer/rootReducer.js","statementMap":{"0":{"start":{"line":4,"column":17},"end":{"line":6,"column":2}}},"fnMap":{},"branchMap":{},"s":{"0":0},"f":{},"b":{}}
}
